<?xml version="1.0" encoding="UTF-8"?>
<!-- Generated by org.testng.reporters.JUnitXMLReporter -->
<testsuite ignored="0" hostname="3GBGVKH-SRISHTY" failures="0" tests="6" name="Job Test" time="106.152" errors="0" timestamp="2023-05-02T15:55:16 IST">
  <testcase classname="peoplegroveTest.jobsTest" name="selectJobs" time="0.794"/>
  <testcase classname="peoplegroveTest.jobsTest" name="clickonjob" time="2.825"/>
  <testcase classname="peoplegroveTest.jobsTest" name="clickonconvo" time="0.791"/>
  <testcase classname="peoplegroveTest.jobsTest" name="sendmsg" time="7.94"/>
  <testcase classname="peoplegroveTest.jobsTest" name="actions" time="10.285"/>
  <testcase classname="peoplegroveTest.jobsTest" name="verify" time="3.481"/>
</testsuite> <!-- Job Test -->
