<?xml version="1.0" encoding="UTF-8"?>
<testng-results ignored="1" total="5" passed="4" failed="0" skipped="0">
  <reporter-output>
  </reporter-output>
  <suite started-at="2023-04-29T20:46:11 IST" name="Suite" finished-at="2023-04-29T20:48:18 IST" duration-ms="127030">
    <groups>
    </groups>
    <test started-at="2023-04-29T20:46:11 IST" name="Job Test" finished-at="2023-04-29T20:48:18 IST" duration-ms="127030">
      <class name="peoplegroveTest.jobsTest">
        <test-method is-config="true" signature="getlaunchBrowser()[pri:0, instance:peoplegroveTest.jobsTest@51c668e3]" started-at="2023-04-29T20:46:11 IST" name="getlaunchBrowser" finished-at="2023-04-29T20:47:36 IST" duration-ms="84932" status="PASS">
          <reporter-output>
          </reporter-output>
        </test-method> <!-- getlaunchBrowser -->
        <test-method signature="selectJobs()[pri:0, instance:peoplegroveTest.jobsTest@51c668e3]" started-at="2023-04-29T20:47:36 IST" name="selectJobs" description="To click on the Jobs" finished-at="2023-04-29T20:48:00 IST" duration-ms="24535" status="PASS">
          <reporter-output>
          </reporter-output>
        </test-method> <!-- selectJobs -->
        <test-method signature="clickonjob()[pri:1, instance:peoplegroveTest.jobsTest@51c668e3]" started-at="2023-04-29T20:48:00 IST" name="clickonjob" finished-at="2023-04-29T20:48:01 IST" duration-ms="315" status="PASS">
          <reporter-output>
          </reporter-output>
        </test-method> <!-- clickonjob -->
        <test-method signature="clickonconvo()[pri:2, instance:peoplegroveTest.jobsTest@51c668e3]" started-at="2023-04-29T20:48:01 IST" name="clickonconvo" finished-at="2023-04-29T20:48:04 IST" duration-ms="3164" status="PASS">
          <reporter-output>
          </reporter-output>
        </test-method> <!-- clickonconvo -->
        <test-method signature="sendmsg()[pri:3, instance:peoplegroveTest.jobsTest@51c668e3]" started-at="2023-04-29T20:48:04 IST" name="sendmsg" finished-at="2023-04-29T20:48:18 IST" duration-ms="13815" status="PASS">
          <reporter-output>
          </reporter-output>
        </test-method> <!-- sendmsg -->
      </class> <!-- peoplegroveTest.jobsTest -->
    </test> <!-- Job Test -->
  </suite> <!-- Suite -->
</testng-results>
