<?xml version="1.0" encoding="UTF-8"?>
<!-- Generated by org.testng.reporters.JUnitXMLReporter -->
<testsuite ignored="1" hostname="DESKTOP-QDO6N27" failures="0" tests="4" name="Job Test" time="127.03" errors="0" timestamp="2023-04-29T20:48:18 IST">
  <testcase classname="peoplegroveTest.jobsTest" name="selectJobs" time="24.535"/>
  <testcase classname="peoplegroveTest.jobsTest" name="clickonjob" time="0.315"/>
  <testcase classname="peoplegroveTest.jobsTest" name="clickonconvo" time="3.164"/>
  <testcase classname="peoplegroveTest.jobsTest" name="sendmsg" time="13.815"/>
  <testcase classname="peoplegroveTest.jobsTest" name="actions" time="0.0">
    <ignored/>
  </testcase> <!-- actions -->
</testsuite> <!-- Job Test -->
