<?xml version="1.0" encoding="UTF-8"?>
<testng-results ignored="0" total="8" passed="8" failed="0" skipped="0">
  <reporter-output>
  </reporter-output>
  <suite started-at="2023-05-02T15:53:30 IST" name="Suite" finished-at="2023-05-02T15:56:42 IST" duration-ms="192188">
    <groups>
    </groups>
    <test started-at="2023-05-02T15:53:30 IST" name="Job Test" finished-at="2023-05-02T15:55:16 IST" duration-ms="106152">
      <class name="peoplegroveTest.jobsTest">
        <test-method is-config="true" signature="getlaunchBrowser()[pri:0, instance:peoplegroveTest.jobsTest@5824a83d]" started-at="2023-05-02T15:53:30 IST" name="getlaunchBrowser" finished-at="2023-05-02T15:54:49 IST" duration-ms="79448" status="PASS">
          <reporter-output>
          </reporter-output>
        </test-method> <!-- getlaunchBrowser -->
        <test-method signature="selectJobs()[pri:0, instance:peoplegroveTest.jobsTest@5824a83d]" started-at="2023-05-02T15:54:49 IST" name="selectJobs" description="To click on the Jobs" finished-at="2023-05-02T15:54:50 IST" duration-ms="794" status="PASS">
          <reporter-output>
          </reporter-output>
        </test-method> <!-- selectJobs -->
        <test-method signature="clickonjob()[pri:1, instance:peoplegroveTest.jobsTest@5824a83d]" started-at="2023-05-02T15:54:50 IST" name="clickonjob" finished-at="2023-05-02T15:54:53 IST" duration-ms="2825" status="PASS">
          <reporter-output>
          </reporter-output>
        </test-method> <!-- clickonjob -->
        <test-method signature="clickonconvo()[pri:2, instance:peoplegroveTest.jobsTest@5824a83d]" started-at="2023-05-02T15:54:53 IST" name="clickonconvo" finished-at="2023-05-02T15:54:54 IST" duration-ms="791" status="PASS">
          <reporter-output>
          </reporter-output>
        </test-method> <!-- clickonconvo -->
        <test-method signature="sendmsg()[pri:3, instance:peoplegroveTest.jobsTest@5824a83d]" started-at="2023-05-02T15:54:54 IST" name="sendmsg" finished-at="2023-05-02T15:55:02 IST" duration-ms="7940" status="PASS">
          <reporter-output>
          </reporter-output>
        </test-method> <!-- sendmsg -->
        <test-method signature="actions()[pri:4, instance:peoplegroveTest.jobsTest@5824a83d]" started-at="2023-05-02T15:55:02 IST" name="actions" finished-at="2023-05-02T15:55:12 IST" duration-ms="10285" status="PASS">
          <reporter-output>
          </reporter-output>
        </test-method> <!-- actions -->
        <test-method signature="verify()[pri:5, instance:peoplegroveTest.jobsTest@5824a83d]" started-at="2023-05-02T15:55:12 IST" name="verify" finished-at="2023-05-02T15:55:15 IST" duration-ms="3481" status="PASS">
          <reporter-output>
          </reporter-output>
        </test-method> <!-- verify -->
        <test-method is-config="true" signature="teardown()[pri:0, instance:peoplegroveTest.jobsTest@5824a83d]" started-at="2023-05-02T15:55:15 IST" name="teardown" finished-at="2023-05-02T15:55:16 IST" duration-ms="465" status="PASS">
          <reporter-output>
          </reporter-output>
        </test-method> <!-- teardown -->
      </class> <!-- peoplegroveTest.jobsTest -->
    </test> <!-- Job Test -->
    <test started-at="2023-05-02T15:55:16 IST" name="CareerPath Test" finished-at="2023-05-02T15:56:42 IST" duration-ms="86000">
      <class name="peoplegroveTest.careerPathsTest">
        <test-method is-config="true" signature="getlaunchBrowser()[pri:0, instance:peoplegroveTest.careerPathsTest@1ca3b418]" started-at="2023-05-02T15:55:16 IST" name="getlaunchBrowser" finished-at="2023-05-02T15:56:02 IST" duration-ms="46099" status="PASS">
          <reporter-output>
          </reporter-output>
        </test-method> <!-- getlaunchBrowser -->
        <test-method signature="clickcareerpath()[pri:0, instance:peoplegroveTest.careerPathsTest@1ca3b418]" started-at="2023-05-02T15:56:02 IST" name="clickcareerpath" finished-at="2023-05-02T15:56:22 IST" duration-ms="19759" status="PASS">
          <reporter-output>
          </reporter-output>
        </test-method> <!-- clickcareerpath -->
        <test-method signature="clickonjobs()[pri:1, instance:peoplegroveTest.careerPathsTest@1ca3b418]" started-at="2023-05-02T15:56:22 IST" name="clickonjobs" finished-at="2023-05-02T15:56:41 IST" duration-ms="19587" status="PASS">
          <reporter-output>
          </reporter-output>
        </test-method> <!-- clickonjobs -->
        <test-method is-config="true" signature="tearDown()[pri:0, instance:peoplegroveTest.careerPathsTest@1ca3b418]" started-at="2023-05-02T15:56:41 IST" name="tearDown" finished-at="2023-05-02T15:56:42 IST" duration-ms="547" status="PASS">
          <reporter-output>
          </reporter-output>
        </test-method> <!-- tearDown -->
      </class> <!-- peoplegroveTest.careerPathsTest -->
    </test> <!-- CareerPath Test -->
  </suite> <!-- Suite -->
</testng-results>
